{
  "RSpec": {
    "coverage": {
      "/home/ubuntu/workspace/app/models/role.rb": [
        1,
        1,
        1,
        null,
        1,
        null
      ],
      "/home/ubuntu/workspace/app/models/user.rb": [
        1,
        1,
        null,
        null,
        null,
        1,
        null,
        null,
        null,
        1,
        null,
        1,
        1,
        1,
        null,
        1,
        1,
        1,
        1,
        null,
        null,
        null
      ],
      "/home/ubuntu/workspace/app/helpers/application_helper.rb": [
        1,
        null,
        null,
        1,
        56,
        52,
        0,
        0,
        4,
        null,
        null,
        null,
        null
      ],
      "/home/ubuntu/workspace/app/helpers/chores_helper.rb": [
        1,
        null
      ],
      "/home/ubuntu/workspace/app/helpers/emails_helper.rb": [
        1,
        null
      ],
      "/home/ubuntu/workspace/app/helpers/projects_helper.rb": [
        1,
        null
      ],
      "/home/ubuntu/workspace/app/helpers/render_sortable_tree_helper.rb": [
        null,
        null,
        null,
        null,
        null,
        null,
        null,
        null,
        1,
        1,
        1,
        1,
        null,
        1,
        26,
        26,
        null,
        null,
        26,
        null,
        null,
        null,
        null,
        null,
        null,
        null,
        null,
        null,
        null,
        null,
        1,
        26,
        26,
        26,
        26,
        null,
        26,
        null,
        null,
        1,
        26,
        null,
        26,
        26,
        null,
        null,
        null,
        26,
        null,
        null,
        null,
        null,
        null,
        1,
        26,
        26,
        26,
        26,
        null,
        26,
        5,
        5,
        5,
        5,
        5,
        5,
        5,
        5,
        5,
        null,
        0,
        null,
        5,
        5,
        null,
        0,
        null,
        5,
        5,
        null,
        0,
        null,
        null,
        5,
        null,
        5,
        null,
        5,
        null,
        null,
        26,
        null,
        null,
        1,
        26,
        7,
        null,
        null,
        null,
        null,
        null,
        null
      ],
      "/home/ubuntu/workspace/app/helpers/static_pages_helper.rb": [
        1,
        null
      ],
      "/home/ubuntu/workspace/app/helpers/users_helper.rb": [
        1,
        null
      ],
      "/home/ubuntu/workspace/app/controllers/chores_controller.rb": [
        1,
        1,
        1,
        null,
        null,
        null,
        null,
        null,
        1,
        19,
        19,
        null,
        null,
        19,
        0,
        0,
        null,
        19,
        15,
        null,
        4,
        null,
        null,
        19,
        9,
        null,
        10,
        null,
        null,
        19,
        null,
        null,
        19,
        null,
        null,
        19,
        19,
        19,
        null,
        null,
        null,
        null,
        null,
        1,
        null,
        1,
        1,
        1,
        null,
        null,
        null,
        null,
        null,
        1,
        7,
        7,
        7,
        0,
        null,
        7,
        2,
        null,
        5,
        null,
        null,
        7,
        7,
        7,
        null,
        7,
        7,
        null,
        7,
        7,
        7,
        7,
        null,
        null,
        7,
        7,
        7,
        null,
        null,
        null,
        null,
        1,
        2,
        null,
        null,
        2,
        0,
        0,
        null,
        2,
        1,
        null,
        1,
        null,
        null,
        null,
        null,
        2,
        2,
        null,
        0,
        null,
        2,
        2,
        null,
        0,
        null,
        null,
        2,
        null,
        null,
        null,
        null,
        2,
        4,
        null,
        null,
        null,
        null,
        null,
        null,
        1,
        null,
        2,
        null,
        2,
        2,
        2,
        null,
        null,
        null,
        null,
        null,
        1,
        3,
        3,
        3,
        null,
        null,
        null,
        3,
        3,
        null,
        3,
        3,
        3,
        null,
        null,
        null,
        null,
        1,
        5,
        null,
        5,
        5,
        5,
        null,
        null,
        null,
        null,
        1,
        6,
        4,
        4,
        4,
        4,
        4,
        null,
        null,
        2,
        0,
        0,
        0,
        0,
        null,
        null,
        null,
        2,
        0,
        0,
        0,
        0,
        null,
        0,
        null,
        null,
        2,
        0,
        0,
        0,
        0,
        null,
        0,
        null,
        null,
        null,
        null,
        null,
        6,
        6,
        null,
        null,
        null,
        null,
        6,
        6,
        8,
        4,
        null,
        4,
        2,
        null,
        null,
        null,
        null,
        null,
        null,
        1,
        6,
        6,
        null,
        null,
        null,
        null,
        6,
        null,
        6,
        3,
        3,
        3,
        3,
        3,
        null,
        null,
        3,
        1,
        1,
        1,
        1,
        null,
        null,
        3,
        1,
        1,
        1,
        1,
        null,
        1,
        null,
        null,
        3,
        1,
        1,
        1,
        1,
        null,
        1,
        null,
        null,
        null,
        null,
        null,
        6,
        8,
        4,
        null,
        4,
        2,
        null,
        null,
        null,
        null,
        null,
        null,
        1,
        2,
        2,
        null,
        2,
        null,
        null,
        null,
        2,
        4,
        2,
        null,
        0,
        0,
        null,
        null,
        null,
        null,
        null,
        null,
        1,
        4,
        4,
        null,
        4,
        8,
        4,
        null,
        null,
        null
      ],
      "/home/ubuntu/workspace/app/controllers/application_controller.rb": [
        1,
        1,
        1,
        0,
        null,
        0,
        null,
        0,
        0,
        null,
        null,
        null,
        null
      ],
      "/home/ubuntu/workspace/app/controllers/choretypes_controller.rb": [
        1,
        null,
        null,
        1,
        2,
        null,
        2,
        2,
        2,
        null,
        null,
        null,
        null,
        null,
        1,
        1,
        null,
        1,
        1,
        1,
        null,
        null,
        null,
        null,
        null,
        1,
        1,
        null,
        1,
        1,
        1,
        null,
        null,
        null,
        null,
        1,
        1,
        null,
        null,
        null,
        null,
        1,
        5,
        null,
        5,
        5,
        6,
        3,
        null,
        4,
        2,
        null,
        null,
        null,
        null,
        null,
        null,
        1,
        5,
        null,
        5,
        5,
        4,
        2,
        null,
        6,
        3,
        null,
        null,
        null,
        null,
        null,
        null,
        1,
        2,
        2,
        null,
        2,
        4,
        2,
        null,
        null,
        null
      ],
      "/home/ubuntu/workspace/app/controllers/contexts_controller.rb": [
        1,
        null,
        1,
        1,
        null,
        null,
        null,
        1,
        10,
        10,
        10,
        10,
        null,
        null,
        null,
        null,
        null,
        1,
        4,
        null,
        4,
        4,
        4,
        null,
        null,
        null,
        null,
        null,
        1,
        2,
        2,
        null,
        2,
        2,
        2,
        null,
        null,
        null,
        null,
        1,
        2,
        null,
        null,
        null,
        null,
        1,
        6,
        6,
        null,
        6,
        6,
        8,
        4,
        null,
        4,
        2,
        null,
        null,
        null,
        null,
        null,
        null,
        1,
        6,
        6,
        null,
        null,
        6,
        6,
        8,
        4,
        null,
        4,
        2,
        null,
        null,
        null,
        null,
        null,
        null,
        1,
        3,
        3,
        null,
        3,
        6,
        3,
        null,
        null,
        null
      ],
      "/home/ubuntu/workspace/app/controllers/static_pages_controller.rb": [
        1,
        1,
        null,
        null,
        1,
        null,
        null,
        1,
        null,
        null
      ],
      "/home/ubuntu/workspace/app/controllers/users_controller.rb": [
        1,
        null,
        1,
        null,
        1,
        0,
        null,
        null,
        1,
        0,
        null,
        null,
        1,
        0,
        null,
        null,
        1,
        0,
        null,
        null,
        1,
        0,
        null,
        0,
        0,
        null,
        0,
        null,
        null,
        null,
        1,
        0,
        null,
        0,
        0,
        0,
        null,
        null,
        0,
        null,
        0,
        0,
        0,
        null,
        0,
        null,
        null,
        null,
        null,
        1,
        0,
        0,
        0,
        null,
        null,
        null,
        1,
        1,
        0,
        0,
        null,
        0,
        0,
        null,
        null,
        null
      ],
      "/home/ubuntu/workspace/app/models/chore.rb": [
        1,
        null,
        null,
        1,
        1,
        null,
        null,
        1,
        1,
        1,
        null,
        null,
        null,
        1,
        1,
        1,
        1,
        1,
        null,
        1,
        1,
        1,
        1,
        null,
        null,
        null,
        1,
        53,
        null,
        null,
        1,
        18,
        18,
        null,
        null,
        1,
        8,
        null,
        null,
        null,
        1,
        null,
        12,
        12,
        null,
        12,
        null,
        12,
        10,
        4,
        null,
        null,
        null,
        null,
        null,
        null,
        12,
        null,
        12,
        5,
        2,
        2,
        2,
        2,
        null,
        null,
        null,
        null,
        12,
        null,
        null,
        1,
        4,
        null,
        null,
        4,
        null,
        4,
        null,
        null,
        null,
        null,
        4,
        null,
        9,
        2,
        2,
        null,
        null,
        null,
        9,
        7,
        7,
        null,
        null,
        7,
        9,
        9,
        9,
        null,
        9,
        9,
        9,
        null,
        9,
        9,
        null,
        null,
        null,
        null,
        4,
        null,
        null,
        null,
        null,
        1,
        null,
        null,
        73,
        13,
        null,
        60,
        null,
        null,
        null,
        1,
        3,
        3,
        3,
        3,
        3,
        3,
        0,
        0,
        null,
        3,
        3,
        null,
        3,
        null,
        null,
        null,
        null,
        null,
        null,
        null,
        null,
        null,
        null,
        null,
        1,
        5,
        5,
        5,
        5,
        5,
        null,
        null,
        5,
        null,
        null,
        null,
        1,
        0,
        0,
        null,
        null,
        null,
        null,
        null,
        null,
        null,
        null,
        null,
        null,
        null
      ],
      "/home/ubuntu/workspace/app/models/choretype.rb": [
        1,
        null,
        1,
        1,
        null,
        1,
        null
      ],
      "/home/ubuntu/workspace/app/models/context.rb": [
        1,
        1,
        1,
        1,
        1,
        1,
        null,
        null
      ],
      "/home/ubuntu/workspace/app/models/email.rb": [
        1,
        1,
        1,
        1,
        1,
        1,
        null,
        null
      ],
      "/home/ubuntu/workspace/app/models/project.rb": [
        1,
        1,
        1,
        null,
        1,
        1,
        1,
        1,
        null,
        1,
        1,
        null,
        1,
        1,
        1,
        null,
        1,
        61,
        34,
        null,
        null,
        null,
        null,
        61,
        null,
        61,
        null,
        null,
        1,
        8,
        0,
        null,
        8,
        null,
        null,
        1,
        2,
        1,
        null,
        null,
        2,
        2,
        null,
        null,
        1,
        null,
        null,
        27,
        null,
        3,
        null,
        null,
        24,
        null,
        null,
        null,
        1,
        null,
        null,
        113,
        null,
        null,
        113,
        1,
        null,
        null,
        113,
        null,
        null,
        null,
        1,
        3,
        3,
        2,
        null,
        3,
        3,
        null,
        null
      ],
      "/home/ubuntu/workspace/app/controllers/projects_controller.rb": [
        1,
        null,
        1,
        null,
        null,
        1,
        1,
        null,
        null,
        null,
        null,
        null,
        null,
        null,
        null,
        1,
        null,
        20,
        20,
        20,
        null,
        20,
        20,
        20,
        null,
        null,
        null,
        1,
        null,
        1,
        1,
        1,
        null,
        1,
        1,
        1,
        null,
        null,
        null,
        null,
        null,
        1,
        3,
        null,
        3,
        3,
        3,
        null,
        null,
        null,
        null,
        null,
        1,
        2,
        2,
        2,
        null,
        null,
        2,
        null,
        2,
        null,
        null,
        2,
        2,
        2,
        null,
        null,
        null,
        null,
        1,
        4,
        null,
        4,
        4,
        4,
        null,
        4,
        null,
        null,
        null,
        null,
        1,
        null,
        1,
        1,
        null,
        1,
        1,
        2,
        1,
        null,
        0,
        0,
        null,
        null,
        null,
        null,
        null,
        null,
        1,
        3,
        3,
        null,
        null,
        3,
        3,
        6,
        3,
        null,
        0,
        0,
        null,
        null,
        null,
        null,
        null,
        null,
        1,
        2,
        2,
        null,
        2,
        4,
        2,
        null,
        null,
        null,
        1,
        null,
        1,
        0,
        null,
        null,
        1,
        0,
        null,
        null,
        null
      ],
      "/home/ubuntu/workspace/app/models/ability.rb": [
        1,
        1,
        null,
        1,
        null,
        69,
        null,
        null,
        null,
        null,
        null,
        null,
        null,
        null,
        null,
        69,
        null,
        69,
        38,
        null,
        null,
        69,
        0,
        null,
        null,
        null,
        null,
        null,
        null,
        null,
        null,
        null,
        null,
        null,
        null,
        null,
        null,
        null,
        null,
        null,
        null,
        null,
        null,
        null,
        null,
        null,
        null,
        null,
        null,
        null,
        null,
        null,
        null,
        null,
        null,
        null,
        null,
        null,
        null
      ],
      "/home/ubuntu/workspace/app/controllers/emails_controller.rb": [
        1,
        null,
        1,
        null,
        null,
        null,
        null,
        null,
        1,
        9,
        null,
        9,
        9,
        9,
        null,
        null,
        null,
        null,
        null,
        1,
        3,
        null,
        3,
        3,
        3,
        null,
        null,
        null,
        null,
        null,
        1,
        1,
        1,
        null,
        1,
        1,
        1,
        null,
        null,
        null,
        null,
        1,
        1,
        null,
        null,
        null,
        null,
        null,
        1,
        null,
        null,
        1,
        null,
        1,
        null,
        null,
        null,
        null,
        null,
        1,
        1,
        null,
        null,
        1,
        1,
        2,
        1,
        null,
        0,
        0,
        null,
        null,
        null,
        null,
        null,
        null,
        1,
        1,
        1,
        null,
        1,
        null,
        null,
        1,
        null,
        1,
        null,
        null,
        1,
        2,
        1,
        null,
        0,
        0,
        null,
        null,
        null,
        null,
        null,
        null,
        1,
        1,
        1,
        null,
        1,
        2,
        1,
        null,
        null,
        null,
        null,
        null,
        null,
        null,
        null
      ]
    },
    "timestamp": 1430435927
  }
}
