{
  "RSpec": {
    "coverage": {
      "/home/ask/chores/app/models/role.rb": [
        1,
        1,
        1,
        null,
        1,
        null
      ],
      "/home/ask/chores/app/models/user.rb": [
        1,
        1,
        null,
        null,
        null,
        1,
        null,
        null,
        null,
        1,
        null,
        1,
        1,
        1,
        null,
        1,
        1,
        1,
        1,
        null,
        null,
        null
      ],
      "/home/ask/chores/app/helpers/application_helper.rb": [
        1,
        null,
        null,
        1,
        0,
        0,
        0,
        0,
        0,
        null,
        null,
        null,
        null
      ],
      "/home/ask/chores/app/helpers/chores_helper.rb": [
        1,
        null
      ],
      "/home/ask/chores/app/helpers/emails_helper.rb": [
        1,
        null
      ],
      "/home/ask/chores/app/helpers/projects_helper.rb": [
        1,
        null
      ],
      "/home/ask/chores/app/helpers/render_sortable_tree_helper.rb": [
        null,
        null,
        null,
        null,
        null,
        null,
        null,
        null,
        1,
        1,
        1,
        1,
        null,
        1,
        0,
        0,
        null,
        null,
        0,
        null,
        null,
        null,
        null,
        null,
        null,
        null,
        null,
        null,
        null,
        1,
        0,
        0,
        0,
        0,
        null,
        0,
        null,
        null,
        1,
        0,
        null,
        0,
        0,
        null,
        null,
        null,
        0,
        null,
        null,
        null,
        null,
        null,
        1,
        0,
        0,
        null,
        null,
        null,
        null,
        null,
        null
      ],
      "/home/ask/chores/app/helpers/static_pages_helper.rb": [
        1,
        null
      ],
      "/home/ask/chores/app/helpers/users_helper.rb": [
        1,
        null
      ],
      "/home/ask/chores/app/models/context.rb": [
        1,
        1,
        1,
        1,
        1,
        1,
        null,
        null
      ],
      "/home/ask/chores/app/models/project.rb": [
        1,
        1,
        1,
        null,
        1,
        1,
        1,
        1,
        null,
        1,
        1,
        null,
        1,
        1,
        1,
        null,
        1,
        0,
        0,
        null,
        null,
        null,
        null,
        0,
        null,
        0,
        null,
        null,
        1,
        0,
        0,
        null,
        0,
        null,
        0,
        0,
        null,
        null,
        null,
        null,
        null,
        1,
        0,
        0,
        null,
        null,
        0,
        0,
        null,
        null,
        1,
        null,
        null,
        0,
        null,
        0,
        null,
        null,
        0,
        null,
        null,
        null,
        1,
        null,
        null,
        1,
        null,
        null,
        1,
        0,
        null,
        null,
        1,
        null,
        null,
        null
      ],
      "/home/ask/chores/app/models/choretype.rb": [
        1,
        null,
        1,
        1,
        null,
        1,
        null
      ],
      "/home/ask/chores/app/models/email.rb": [
        1,
        1,
        1,
        1,
        1,
        1,
        null,
        null
      ]
    },
    "timestamp": 1428777071
  }
}
